0 info it worked if it ends with ok
1 verbose cli [ '/usr/bin/node', '/usr/bin/npm', 'install', '-g', 'yo' ]
2 info using npm@1.4.28
3 info using node@v0.10.37
4 verbose node symlink /usr/bin/node
5 verbose cache add [ 'yo', null ]
6 verbose cache add name=undefined spec="yo" args=["yo",null]
7 verbose parsed url { protocol: null,
7 verbose parsed url   slashes: null,
7 verbose parsed url   auth: null,
7 verbose parsed url   host: null,
7 verbose parsed url   port: null,
7 verbose parsed url   hostname: null,
7 verbose parsed url   hash: null,
7 verbose parsed url   search: null,
7 verbose parsed url   query: null,
7 verbose parsed url   pathname: 'yo',
7 verbose parsed url   path: 'yo',
7 verbose parsed url   href: 'yo' }
8 silly lockFile c41975d1-yo yo
9 verbose lock yo /home/pl/.npm/c41975d1-yo.lock
10 silly lockFile c41975d1-yo yo
11 silly lockFile c41975d1-yo yo
12 verbose addNamed [ 'yo', '' ]
13 verbose addNamed [ null, '*' ]
14 silly lockFile d937c28e-yo yo@
15 verbose lock yo@ /home/pl/.npm/d937c28e-yo.lock
16 silly addNameRange { name: 'yo', range: '*', hasData: false }
17 verbose request where is /yo
18 verbose request registry https://registry.npmjs.org/
19 verbose request id 6c5201863ab4af0f
20 verbose url raw /yo
21 verbose url resolving [ 'https://registry.npmjs.org/', './yo' ]
22 verbose url resolved https://registry.npmjs.org/yo
23 verbose request where is https://registry.npmjs.org/yo
24 info trying registry request attempt 1 at 19:54:18
25 http GET https://registry.npmjs.org/yo
26 http 200 https://registry.npmjs.org/yo
27 silly registry.get cb [ 200,
27 silly registry.get   { server: 'nginx/1.10.1',
27 silly registry.get     'content-type': 'application/json',
27 silly registry.get     'last-modified': 'Thu, 06 Apr 2017 16:55:44 GMT',
27 silly registry.get     etag: 'W/"58e67310-117ca"',
27 silly registry.get     'content-encoding': 'gzip',
27 silly registry.get     'cache-control': 'max-age=300',
27 silly registry.get     'content-length': '9855',
27 silly registry.get     'accept-ranges': 'bytes',
27 silly registry.get     date: 'Thu, 13 Apr 2017 17:54:19 GMT',
27 silly registry.get     via: '1.1 varnish',
27 silly registry.get     age: '129',
27 silly registry.get     connection: 'keep-alive',
27 silly registry.get     'x-served-by': 'cache-cdg8720-CDG',
27 silly registry.get     'x-cache': 'HIT',
27 silly registry.get     'x-cache-hits': '1',
27 silly registry.get     'x-timer': 'S1492106059.020738,VS0,VE0',
27 silly registry.get     vary: 'Accept-Encoding' } ]
28 silly addNameRange number 2 { name: 'yo', range: '*', hasData: true }
29 silly addNameRange versions [ 'yo',
29 silly addNameRange   [ '1.1.0',
29 silly addNameRange     '1.1.1',
29 silly addNameRange     '1.1.2',
29 silly addNameRange     '1.2.0',
29 silly addNameRange     '1.2.1',
29 silly addNameRange     '1.3.0',
29 silly addNameRange     '1.3.2',
29 silly addNameRange     '1.3.3',
29 silly addNameRange     '1.4.6',
29 silly addNameRange     '1.4.7',
29 silly addNameRange     '1.4.8',
29 silly addNameRange     '1.5.0',
29 silly addNameRange     '1.5.1',
29 silly addNameRange     '1.6.0',
29 silly addNameRange     '1.7.0',
29 silly addNameRange     '1.7.1',
29 silly addNameRange     '1.8.1',
29 silly addNameRange     '1.8.2',
29 silly addNameRange     '1.8.3',
29 silly addNameRange     '1.8.4',
29 silly addNameRange     '1.8.5' ] ]
30 verbose addNamed [ 'yo', '1.8.5' ]
31 verbose addNamed [ '1.8.5', '1.8.5' ]
32 silly lockFile df3f7f5d-yo-1-8-5 yo@1.8.5
33 verbose lock yo@1.8.5 /home/pl/.npm/df3f7f5d-yo-1-8-5.lock
34 silly lockFile e21e4a4e-gistry-npmjs-org-yo-yo-1-8-5-tgz https://registry.npmjs.org/yo/-/yo-1.8.5.tgz
35 verbose lock https://registry.npmjs.org/yo/-/yo-1.8.5.tgz /home/pl/.npm/e21e4a4e-gistry-npmjs-org-yo-yo-1-8-5-tgz.lock
36 verbose addRemoteTarball [ 'https://registry.npmjs.org/yo/-/yo-1.8.5.tgz',
36 verbose addRemoteTarball   '776ab9ec79a7882f8d4f7a9e10214fdab050d928' ]
37 info retry fetch attempt 1 at 19:54:19
38 verbose fetch to= /tmp/npm-3300--DyfRvod/registry.npmjs.org/yo/-/yo-1.8.5.tgz
39 http GET https://registry.npmjs.org/yo/-/yo-1.8.5.tgz
40 http 200 https://registry.npmjs.org/yo/-/yo-1.8.5.tgz
41 silly lockFile e21e4a4e-gistry-npmjs-org-yo-yo-1-8-5-tgz https://registry.npmjs.org/yo/-/yo-1.8.5.tgz
42 silly lockFile e21e4a4e-gistry-npmjs-org-yo-yo-1-8-5-tgz https://registry.npmjs.org/yo/-/yo-1.8.5.tgz
43 silly lockFile df3f7f5d-yo-1-8-5 yo@1.8.5
44 silly lockFile df3f7f5d-yo-1-8-5 yo@1.8.5
45 silly lockFile d937c28e-yo yo@
46 silly lockFile d937c28e-yo yo@
47 silly resolved [ { name: 'yo',
47 silly resolved     version: '1.8.5',
47 silly resolved     description: 'CLI tool for running Yeoman generators',
47 silly resolved     homepage: 'http://yeoman.io',
47 silly resolved     author: { name: 'Yeoman' },
47 silly resolved     files: [ 'lib' ],
47 silly resolved     main: 'lib',
47 silly resolved     keywords:
47 silly resolved      [ 'cli-app',
47 silly resolved        'cli',
47 silly resolved        'front-end',
47 silly resolved        'development',
47 silly resolved        'dev',
47 silly resolved        'build',
47 silly resolved        'web',
47 silly resolved        'tool',
47 silly resolved        'scaffold',
47 silly resolved        'stack',
47 silly resolved        'yeoman',
47 silly resolved        'generator',
47 silly resolved        'generate',
47 silly resolved        'app',
47 silly resolved        'boilerplate' ],
47 silly resolved     license: 'BSD-2-Clause',
47 silly resolved     repository: { type: 'git', url: 'git+https://github.com/yeoman/yo.git' },
47 silly resolved     bin: { yo: 'lib/cli.js', 'yo-complete': 'lib/completion/index.js' },
47 silly resolved     engines: { node: '>=0.12.0' },
47 silly resolved     scripts:
47 silly resolved      { test: 'gulp',
47 silly resolved        postinstall: 'yodoctor',
47 silly resolved        postupdate: 'yodoctor',
47 silly resolved        prepublish: 'gulp prepublish' },
47 silly resolved     dependencies:
47 silly resolved      { async: '^1.0.0',
47 silly resolved        chalk: '^1.0.0',
47 silly resolved        'cli-list': '^0.1.1',
47 silly resolved        configstore: '^1.0.0',
47 silly resolved        'cross-spawn': '^3.0.1',
47 silly resolved        figures: '^1.3.5',
47 silly resolved        fullname: '^2.0.0',
47 silly resolved        got: '^5.0.0',
47 silly resolved        'humanize-string': '^1.0.0',
47 silly resolved        inquirer: '^0.11.0',
47 silly resolved        insight: '^0.7.0',
47 silly resolved        lodash: '^3.2.0',
47 silly resolved        meow: '^3.0.0',
47 silly resolved        'npm-keyword': '^4.1.0',
47 silly resolved        opn: '^3.0.2',
47 silly resolved        'package-json': '^2.1.0',
47 silly resolved        'parse-help': '^0.1.1',
47 silly resolved        'read-pkg-up': '^1.0.1',
47 silly resolved        repeating: '^2.0.0',
47 silly resolved        'root-check': '^1.0.0',
47 silly resolved        'sort-on': '^1.0.0',
47 silly resolved        'string-length': '^1.0.0',
47 silly resolved        tabtab: '^1.3.0',
47 silly resolved        titleize: '^1.0.0',
47 silly resolved        'update-notifier': '^0.6.0',
47 silly resolved        'user-home': '^2.0.0',
47 silly resolved        'yeoman-character': '^1.0.0',
47 silly resolved        'yeoman-doctor': '^2.0.0',
47 silly resolved        'yeoman-environment': '^1.6.1',
47 silly resolved        yosay: '^1.0.0' },
47 silly resolved     devDependencies:
47 silly resolved      { gulp: '^3.6.0',
47 silly resolved        'gulp-coveralls': '^0.1.0',
47 silly resolved        'gulp-eslint': '^2.0.0',
47 silly resolved        'gulp-exclude-gitignore': '^1.0.0',
47 silly resolved        'gulp-istanbul': '^0.10.4',
47 silly resolved        'gulp-mocha': '^2.0.0',
47 silly resolved        'gulp-nsp': '^2.1.0',
47 silly resolved        'gulp-plumber': '^1.0.0',
47 silly resolved        mocha: '^2.1.0',
47 silly resolved        mockery: '^1.4.0',
47 silly resolved        nock: '^8.0.0',
47 silly resolved        nsp: '^2.2.0',
47 silly resolved        proxyquire: '^1.0.1',
47 silly resolved        'registry-url': '^3.0.0',
47 silly resolved        sinon: '^1.12.1' },
47 silly resolved     tabtab: { yo: [Object] },
47 silly resolved     gitHead: '3be725bd6376ead2c593741da2d374082f673b05',
47 silly resolved     bugs: { url: 'https://github.com/yeoman/yo/issues' },
47 silly resolved     _id: 'yo@1.8.5',
47 silly resolved     _shasum: '776ab9ec79a7882f8d4f7a9e10214fdab050d928',
47 silly resolved     _from: 'yo@',
47 silly resolved     _npmVersion: '3.10.3',
47 silly resolved     _nodeVersion: '6.3.1',
47 silly resolved     _npmUser: { name: 'sboudrias', email: 'admin@simonboudrias.com' },
47 silly resolved     dist:
47 silly resolved      { shasum: '776ab9ec79a7882f8d4f7a9e10214fdab050d928',
47 silly resolved        tarball: 'https://registry.npmjs.org/yo/-/yo-1.8.5.tgz' },
47 silly resolved     maintainers:
47 silly resolved      [ [Object],
47 silly resolved        [Object],
47 silly resolved        [Object],
47 silly resolved        [Object],
47 silly resolved        [Object],
47 silly resolved        [Object],
47 silly resolved        [Object] ],
47 silly resolved     _npmOperationalInternal:
47 silly resolved      { host: 'packages-12-west.internal.npmjs.com',
47 silly resolved        tmp: 'tmp/yo-1.8.5.tgz_1472703392595_0.8789802109822631' },
47 silly resolved     directories: {},
47 silly resolved     _resolved: 'https://registry.npmjs.org/yo/-/yo-1.8.5.tgz' } ]
48 info install yo@1.8.5 into /usr/lib
49 info installOne yo@1.8.5
50 warn engine yo@1.8.5: wanted: {"node":">=0.12.0"} (current: {"node":"0.10.37","npm":"1.4.28"})
51 verbose lib/node_modules/yo unbuild
52 verbose tar unpack /home/pl/.npm/yo/1.8.5/package.tgz
53 silly lockFile 7bedd6dc-tar-usr-lib-node-modules-yo tar:///usr/lib/node_modules/yo
54 verbose lock tar:///usr/lib/node_modules/yo /home/pl/.npm/7bedd6dc-tar-usr-lib-node-modules-yo.lock
55 silly lockFile f6ddd9e3-home-pl-npm-yo-1-8-5-package-tgz tar:///home/pl/.npm/yo/1.8.5/package.tgz
56 verbose lock tar:///home/pl/.npm/yo/1.8.5/package.tgz /home/pl/.npm/f6ddd9e3-home-pl-npm-yo-1-8-5-package-tgz.lock
57 silly gunzTarPerm modes [ '755', '644' ]
58 error Error: EACCES, mkdir '/usr/lib/node_modules/yo'
58 error  { [Error: EACCES, mkdir '/usr/lib/node_modules/yo']
58 error   errno: 3,
58 error   code: 'EACCES',
58 error   path: '/usr/lib/node_modules/yo',
58 error   fstream_type: 'Directory',
58 error   fstream_path: '/usr/lib/node_modules/yo',
58 error   fstream_class: 'DirWriter',
58 error   fstream_stack:
58 error    [ '/usr/lib/node_modules/npm/node_modules/fstream/lib/dir-writer.js:36:23',
58 error      '/usr/lib/node_modules/npm/node_modules/mkdirp/index.js:46:53',
58 error      'Object.oncomplete (fs.js:108:15)' ] }
59 error Please try running this command again as root/Administrator.
60 error System Linux 3.16.0-38-generic
61 error command "/usr/bin/node" "/usr/bin/npm" "install" "-g" "yo"
62 error cwd /home/pl/git/pld-smartcity/PLD-SmartCity
63 error node -v v0.10.37
64 error npm -v 1.4.28
65 error path /usr/lib/node_modules/yo
66 error fstream_path /usr/lib/node_modules/yo
67 error fstream_type Directory
68 error fstream_class DirWriter
69 error code EACCES
70 error errno 3
71 error stack Error: EACCES, mkdir '/usr/lib/node_modules/yo'
72 error fstream_stack /usr/lib/node_modules/npm/node_modules/fstream/lib/dir-writer.js:36:23
72 error fstream_stack /usr/lib/node_modules/npm/node_modules/mkdirp/index.js:46:53
72 error fstream_stack Object.oncomplete (fs.js:108:15)
73 verbose exit [ 3, true ]
